<?xml version="1.0" encoding="UTF-8"?>
<!-- Generated by org.testng.reporters.JUnitReportReporter -->
<testsuite hostname="Ramkumars-MacBook-Air.local" failures="0" tests="1" name="com.qa.test.PostAPITest" time="1.467" errors="0" timestamp="2023-02-18T00:48:25 IST" skipped="0">
  <testcase classname="com.qa.test.PostAPITest" name="postAPITest" time="1.467"/>
  <system-out/>
</testsuite> <!-- com.qa.test.PostAPITest -->
