<?xml version="1.0" encoding="UTF-8"?>
<!-- Generated by org.testng.reporters.JUnitReportReporter -->
<testsuite hostname="Ramkumars-MacBook-Air.local" failures="0" tests="2" name="com.qa.test.GetAPITest" time="1.009" errors="0" timestamp="2023-02-15T23:19:20 IST" skipped="0">
  <testcase classname="com.qa.test.GetAPITest" name="getAPITestWithoutHeaders" time="0.871"/>
  <system-out/>
  <testcase classname="com.qa.test.GetAPITest" name="getAPITestWithHeaders" time="0.138"/>
  <system-out/>
</testsuite> <!-- com.qa.test.GetAPITest -->
